<?xml version="1.0" encoding="UTF-8"?>
<testng-results ignored="0" total="1" passed="1" failed="0" skipped="0">
  <reporter-output>
  </reporter-output>
  <suite started-at="2025-02-10T17:15:31 IST" name="Default suite" finished-at="2025-02-10T17:15:32 IST" duration-ms="699">
    <groups>
    </groups>
    <test started-at="2025-02-10T17:15:31 IST" name="Default test" finished-at="2025-02-10T17:15:32 IST" duration-ms="699">
      <class name="practice.basics.SampleUnitTestTocheckProjectInBackend">
        <test-method signature="projectCheckTest()[pri:0, instance:practice.basics.SampleUnitTestTocheckProjectInBackend@55182842]" started-at="2025-02-10T17:15:31 IST" name="projectCheckTest" finished-at="2025-02-10T17:15:32 IST" duration-ms="590" status="PASS">
          <reporter-output>
          </reporter-output>
        </test-method> <!-- projectCheckTest -->
      </class> <!-- practice.basics.SampleUnitTestTocheckProjectInBackend -->
    </test> <!-- Default test -->
  </suite> <!-- Default suite -->
</testng-results>
